2025 April 28 13:43:19 [INFO]: Starting the experiment: Baseline_7 V1.3
2025 April 28 13:43:19 [INFO]: Using device: cuda
2025 April 28 13:43:19 [INFO]: Training dataset size: 2152
2025 April 28 13:43:19 [INFO]: Validation dataset size: 1341
2025 April 28 13:43:19 [INFO]: Starting training from epoch: 1
2025 April 28 13:43:19 [INFO]: Epoch: 1/20
2025 April 28 13:43:24 [INFO]: TRAIN: Batch:0/1076 Loss:1.984 & Accuracy:0.00%
2025 April 28 13:44:53 [INFO]: TRAIN: Batch:100/1076 Loss:1.945 & Accuracy:15.35%
2025 April 28 13:46:21 [INFO]: TRAIN: Batch:200/1076 Loss:2.319 & Accuracy:19.15%
2025 April 28 13:47:49 [INFO]: TRAIN: Batch:300/1076 Loss:2.872 & Accuracy:18.44%
2025 April 28 13:49:18 [INFO]: TRAIN: Batch:400/1076 Loss:1.802 & Accuracy:18.08%
2025 April 28 13:50:46 [INFO]: TRAIN: Batch:500/1076 Loss:2.060 & Accuracy:18.96%
2025 April 28 13:52:15 [INFO]: TRAIN: Batch:600/1076 Loss:1.471 & Accuracy:19.97%
2025 April 28 13:53:43 [INFO]: TRAIN: Batch:700/1076 Loss:1.501 & Accuracy:22.04%
2025 April 28 13:55:12 [INFO]: TRAIN: Batch:800/1076 Loss:1.564 & Accuracy:22.78%
2025 April 28 13:56:40 [INFO]: TRAIN: Batch:900/1076 Loss:1.315 & Accuracy:23.97%
2025 April 28 13:58:09 [INFO]: TRAIN: Batch:1000/1076 Loss:1.535 & Accuracy:25.17%
2025 April 28 13:59:15 [INFO]: Epoch:1 average train Loss:1.878 & Accuracy:26.49%
2025 April 28 14:02:51 [INFO]: Epoch:1 Validation Loss 1.4751 | Accuracy 44.22% | F1 Score 0.393
2025 April 28 14:02:51 [INFO]: Current learning rate: 0.0001
2025 April 28 14:02:51 [INFO]: Epoch: 2/20
2025 April 28 14:02:53 [INFO]: TRAIN: Batch:0/1076 Loss:1.955 & Accuracy:0.00%
2025 April 28 14:04:22 [INFO]: TRAIN: Batch:100/1076 Loss:1.232 & Accuracy:38.61%
2025 April 28 14:05:50 [INFO]: TRAIN: Batch:200/1076 Loss:0.744 & Accuracy:45.77%
2025 April 28 14:07:19 [INFO]: TRAIN: Batch:300/1076 Loss:1.019 & Accuracy:48.34%
2025 April 28 14:08:47 [INFO]: TRAIN: Batch:400/1076 Loss:1.197 & Accuracy:50.25%
2025 April 28 14:10:16 [INFO]: TRAIN: Batch:500/1076 Loss:1.958 & Accuracy:51.90%
2025 April 28 14:11:44 [INFO]: TRAIN: Batch:600/1076 Loss:0.880 & Accuracy:54.24%
2025 April 28 14:13:13 [INFO]: TRAIN: Batch:700/1076 Loss:0.300 & Accuracy:56.13%
2025 April 28 14:14:41 [INFO]: TRAIN: Batch:800/1076 Loss:1.744 & Accuracy:57.87%
2025 April 28 14:16:09 [INFO]: TRAIN: Batch:900/1076 Loss:2.396 & Accuracy:58.27%
2025 April 28 14:17:38 [INFO]: TRAIN: Batch:1000/1076 Loss:0.382 & Accuracy:59.44%
2025 April 28 14:18:44 [INFO]: Epoch:2 average train Loss:1.155 & Accuracy:60.13%
2025 April 28 14:22:11 [INFO]: Epoch:2 Validation Loss 0.9444 | Accuracy 68.38% | F1 Score 0.6665
2025 April 28 14:22:11 [INFO]: Current learning rate: 0.0001
2025 April 28 14:22:12 [INFO]: Epoch: 3/20
2025 April 28 14:22:14 [INFO]: TRAIN: Batch:0/1076 Loss:0.572 & Accuracy:100.00%
2025 April 28 14:23:43 [INFO]: TRAIN: Batch:100/1076 Loss:1.193 & Accuracy:79.21%
2025 April 28 14:25:11 [INFO]: TRAIN: Batch:200/1076 Loss:0.898 & Accuracy:76.62%
2025 April 28 14:26:40 [INFO]: TRAIN: Batch:300/1076 Loss:0.403 & Accuracy:75.08%
2025 April 28 14:28:08 [INFO]: TRAIN: Batch:400/1076 Loss:0.690 & Accuracy:74.94%
2025 April 28 14:29:37 [INFO]: TRAIN: Batch:500/1076 Loss:0.431 & Accuracy:74.85%
2025 April 28 14:31:05 [INFO]: TRAIN: Batch:600/1076 Loss:0.219 & Accuracy:75.46%
2025 April 28 14:32:33 [INFO]: TRAIN: Batch:700/1076 Loss:0.662 & Accuracy:75.96%
2025 April 28 14:34:02 [INFO]: TRAIN: Batch:800/1076 Loss:0.159 & Accuracy:75.91%
2025 April 28 14:35:30 [INFO]: TRAIN: Batch:900/1076 Loss:0.414 & Accuracy:76.14%
2025 April 28 14:36:59 [INFO]: TRAIN: Batch:1000/1076 Loss:0.210 & Accuracy:75.92%
2025 April 28 14:38:05 [INFO]: Epoch:3 average train Loss:0.721 & Accuracy:75.60%
2025 April 28 14:41:33 [INFO]: Epoch:3 Validation Loss 0.7805 | Accuracy 72.48% | F1 Score 0.7182
2025 April 28 14:41:33 [INFO]: Current learning rate: 0.0001
2025 April 28 14:41:34 [INFO]: Epoch: 4/20
2025 April 28 14:41:36 [INFO]: TRAIN: Batch:0/1076 Loss:0.435 & Accuracy:100.00%
2025 April 28 14:43:04 [INFO]: TRAIN: Batch:100/1076 Loss:0.361 & Accuracy:82.18%
2025 April 28 14:44:33 [INFO]: TRAIN: Batch:200/1076 Loss:0.102 & Accuracy:83.08%
2025 April 28 14:46:01 [INFO]: TRAIN: Batch:300/1076 Loss:0.159 & Accuracy:81.56%
2025 April 28 14:47:30 [INFO]: TRAIN: Batch:400/1076 Loss:0.698 & Accuracy:82.17%
2025 April 28 14:48:58 [INFO]: TRAIN: Batch:500/1076 Loss:0.399 & Accuracy:82.44%
2025 April 28 14:50:27 [INFO]: TRAIN: Batch:600/1076 Loss:0.322 & Accuracy:82.36%
2025 April 28 14:51:55 [INFO]: TRAIN: Batch:700/1076 Loss:0.120 & Accuracy:81.67%
2025 April 28 14:53:24 [INFO]: TRAIN: Batch:800/1076 Loss:0.951 & Accuracy:80.59%
2025 April 28 14:54:52 [INFO]: TRAIN: Batch:900/1076 Loss:1.278 & Accuracy:80.13%
2025 April 28 14:56:21 [INFO]: TRAIN: Batch:1000/1076 Loss:0.277 & Accuracy:80.17%
2025 April 28 14:57:27 [INFO]: Epoch:4 average train Loss:0.579 & Accuracy:79.97%
2025 April 28 15:00:54 [INFO]: Epoch:4 Validation Loss 0.9347 | Accuracy 67.86% | F1 Score 0.6706
2025 April 28 15:00:54 [INFO]: Current learning rate: 0.0001
2025 April 28 15:00:55 [INFO]: Epoch: 5/20
2025 April 28 15:00:58 [INFO]: TRAIN: Batch:0/1076 Loss:2.465 & Accuracy:0.00%
2025 April 28 15:02:26 [INFO]: TRAIN: Batch:100/1076 Loss:1.673 & Accuracy:81.68%
2025 April 28 15:03:55 [INFO]: TRAIN: Batch:200/1076 Loss:0.370 & Accuracy:83.83%
2025 April 28 15:05:23 [INFO]: TRAIN: Batch:300/1076 Loss:0.083 & Accuracy:83.06%
2025 April 28 15:06:52 [INFO]: TRAIN: Batch:400/1076 Loss:0.203 & Accuracy:82.79%
2025 April 28 15:08:20 [INFO]: TRAIN: Batch:500/1076 Loss:0.395 & Accuracy:82.63%
2025 April 28 15:09:49 [INFO]: TRAIN: Batch:600/1076 Loss:1.403 & Accuracy:82.61%
2025 April 28 15:11:17 [INFO]: TRAIN: Batch:700/1076 Loss:0.101 & Accuracy:82.74%
2025 April 28 15:12:46 [INFO]: TRAIN: Batch:800/1076 Loss:0.646 & Accuracy:82.83%
2025 April 28 15:14:14 [INFO]: TRAIN: Batch:900/1076 Loss:0.262 & Accuracy:83.07%
2025 April 28 15:15:43 [INFO]: TRAIN: Batch:1000/1076 Loss:0.122 & Accuracy:83.67%
2025 April 28 15:16:49 [INFO]: Epoch:5 average train Loss:0.476 & Accuracy:83.88%
2025 April 28 15:20:16 [INFO]: Epoch:5 Validation Loss 0.6858 | Accuracy 77.40% | F1 Score 0.7607
2025 April 28 15:20:16 [INFO]: Current learning rate: 0.0001
2025 April 28 15:20:16 [INFO]: Epoch: 6/20
2025 April 28 15:20:19 [INFO]: TRAIN: Batch:0/1076 Loss:0.100 & Accuracy:100.00%
2025 April 28 15:21:47 [INFO]: TRAIN: Batch:100/1076 Loss:0.437 & Accuracy:89.11%
2025 April 28 15:23:16 [INFO]: TRAIN: Batch:200/1076 Loss:0.492 & Accuracy:89.05%
2025 April 28 15:24:44 [INFO]: TRAIN: Batch:300/1076 Loss:1.462 & Accuracy:87.04%
2025 April 28 15:26:12 [INFO]: TRAIN: Batch:400/1076 Loss:0.270 & Accuracy:86.78%
2025 April 28 15:27:41 [INFO]: TRAIN: Batch:500/1076 Loss:0.046 & Accuracy:86.93%
2025 April 28 15:29:09 [INFO]: TRAIN: Batch:600/1076 Loss:1.135 & Accuracy:86.27%
2025 April 28 15:30:38 [INFO]: TRAIN: Batch:700/1076 Loss:0.164 & Accuracy:85.59%
2025 April 28 15:32:06 [INFO]: TRAIN: Batch:800/1076 Loss:0.473 & Accuracy:85.27%
2025 April 28 15:33:35 [INFO]: TRAIN: Batch:900/1076 Loss:0.062 & Accuracy:84.63%
2025 April 28 15:35:03 [INFO]: TRAIN: Batch:1000/1076 Loss:0.146 & Accuracy:84.37%
2025 April 28 15:36:10 [INFO]: Epoch:6 average train Loss:0.443 & Accuracy:84.43%
2025 April 28 15:39:36 [INFO]: Epoch:6 Validation Loss 0.6752 | Accuracy 79.42% | F1 Score 0.7728
2025 April 28 15:39:36 [INFO]: Current learning rate: 0.0001
2025 April 28 15:39:37 [INFO]: Epoch: 7/20
2025 April 28 15:39:39 [INFO]: TRAIN: Batch:0/1076 Loss:0.081 & Accuracy:100.00%
2025 April 28 15:41:08 [INFO]: TRAIN: Batch:100/1076 Loss:0.874 & Accuracy:89.11%
2025 April 28 15:42:36 [INFO]: TRAIN: Batch:200/1076 Loss:1.918 & Accuracy:85.57%
2025 April 28 15:44:05 [INFO]: TRAIN: Batch:300/1076 Loss:0.751 & Accuracy:84.22%
2025 April 28 15:45:33 [INFO]: TRAIN: Batch:400/1076 Loss:2.406 & Accuracy:84.66%
2025 April 28 15:47:02 [INFO]: TRAIN: Batch:500/1076 Loss:0.324 & Accuracy:84.53%
2025 April 28 15:48:30 [INFO]: TRAIN: Batch:600/1076 Loss:0.059 & Accuracy:85.19%
2025 April 28 15:49:59 [INFO]: TRAIN: Batch:700/1076 Loss:1.583 & Accuracy:85.73%
2025 April 28 15:51:27 [INFO]: TRAIN: Batch:800/1076 Loss:0.058 & Accuracy:86.45%
2025 April 28 15:52:56 [INFO]: TRAIN: Batch:900/1076 Loss:0.336 & Accuracy:86.29%
2025 April 28 15:54:24 [INFO]: TRAIN: Batch:1000/1076 Loss:0.067 & Accuracy:86.36%
2025 April 28 15:55:31 [INFO]: Epoch:7 average train Loss:0.362 & Accuracy:85.92%
2025 April 28 15:58:59 [INFO]: Epoch:7 Validation Loss 0.6936 | Accuracy 77.63% | F1 Score 0.771
2025 April 28 15:58:59 [INFO]: Current learning rate: 0.0001
2025 April 28 15:59:00 [INFO]: Epoch: 8/20
2025 April 28 15:59:02 [INFO]: TRAIN: Batch:0/1076 Loss:0.058 & Accuracy:100.00%
2025 April 28 16:00:31 [INFO]: TRAIN: Batch:100/1076 Loss:0.265 & Accuracy:90.59%
2025 April 28 16:01:59 [INFO]: TRAIN: Batch:200/1076 Loss:0.037 & Accuracy:85.07%
2025 April 28 16:03:28 [INFO]: TRAIN: Batch:300/1076 Loss:0.047 & Accuracy:85.71%
2025 April 28 16:04:56 [INFO]: TRAIN: Batch:400/1076 Loss:0.106 & Accuracy:84.54%
2025 April 28 16:06:24 [INFO]: TRAIN: Batch:500/1076 Loss:0.044 & Accuracy:84.43%
2025 April 28 16:07:53 [INFO]: TRAIN: Batch:600/1076 Loss:0.113 & Accuracy:84.78%
2025 April 28 16:09:21 [INFO]: TRAIN: Batch:700/1076 Loss:0.257 & Accuracy:84.52%
2025 April 28 16:10:50 [INFO]: TRAIN: Batch:800/1076 Loss:1.943 & Accuracy:84.96%
2025 April 28 16:12:18 [INFO]: TRAIN: Batch:900/1076 Loss:0.236 & Accuracy:85.85%
2025 April 28 16:13:47 [INFO]: TRAIN: Batch:1000/1076 Loss:0.747 & Accuracy:85.71%
2025 April 28 16:14:53 [INFO]: Epoch:8 average train Loss:0.381 & Accuracy:85.73%
2025 April 28 16:18:20 [INFO]: Epoch:8 Validation Loss 0.5563 | Accuracy 82.77% | F1 Score 0.8102
2025 April 28 16:18:20 [INFO]: Current learning rate: 0.0001
2025 April 28 16:18:21 [INFO]: Epoch: 9/20
2025 April 28 16:18:23 [INFO]: TRAIN: Batch:0/1076 Loss:0.034 & Accuracy:100.00%
2025 April 28 16:19:51 [INFO]: TRAIN: Batch:100/1076 Loss:0.278 & Accuracy:91.09%
2025 April 28 16:21:20 [INFO]: TRAIN: Batch:200/1076 Loss:0.043 & Accuracy:91.29%
2025 April 28 16:22:48 [INFO]: TRAIN: Batch:300/1076 Loss:1.010 & Accuracy:90.37%
2025 April 28 16:24:17 [INFO]: TRAIN: Batch:400/1076 Loss:0.240 & Accuracy:90.27%
2025 April 28 16:25:45 [INFO]: TRAIN: Batch:500/1076 Loss:0.026 & Accuracy:90.62%
2025 April 28 16:27:14 [INFO]: TRAIN: Batch:600/1076 Loss:0.103 & Accuracy:90.02%
2025 April 28 16:28:42 [INFO]: TRAIN: Batch:700/1076 Loss:0.077 & Accuracy:89.30%
2025 April 28 16:30:11 [INFO]: TRAIN: Batch:800/1076 Loss:0.027 & Accuracy:89.14%
2025 April 28 16:31:39 [INFO]: TRAIN: Batch:900/1076 Loss:0.035 & Accuracy:88.62%
2025 April 28 16:33:08 [INFO]: TRAIN: Batch:1000/1076 Loss:0.054 & Accuracy:88.46%
2025 April 28 16:34:14 [INFO]: Epoch:9 average train Loss:0.306 & Accuracy:88.52%
2025 April 28 16:37:41 [INFO]: Epoch:9 Validation Loss 0.6426 | Accuracy 80.01% | F1 Score 0.7808
2025 April 28 16:37:41 [INFO]: Current learning rate: 0.0001
2025 April 28 16:37:42 [INFO]: Epoch: 10/20
2025 April 28 16:37:44 [INFO]: TRAIN: Batch:0/1076 Loss:0.034 & Accuracy:100.00%
2025 April 28 16:39:13 [INFO]: TRAIN: Batch:100/1076 Loss:0.982 & Accuracy:87.62%
2025 April 28 16:40:41 [INFO]: TRAIN: Batch:200/1076 Loss:0.027 & Accuracy:88.06%
2025 April 28 16:42:09 [INFO]: TRAIN: Batch:300/1076 Loss:0.233 & Accuracy:87.87%
2025 April 28 16:43:38 [INFO]: TRAIN: Batch:400/1076 Loss:1.827 & Accuracy:87.53%
2025 April 28 16:45:06 [INFO]: TRAIN: Batch:500/1076 Loss:0.041 & Accuracy:88.22%
2025 April 28 16:46:35 [INFO]: TRAIN: Batch:600/1076 Loss:0.294 & Accuracy:87.69%
2025 April 28 16:48:03 [INFO]: TRAIN: Batch:700/1076 Loss:0.038 & Accuracy:87.66%
2025 April 28 16:49:32 [INFO]: TRAIN: Batch:800/1076 Loss:0.449 & Accuracy:87.58%
2025 April 28 16:51:00 [INFO]: TRAIN: Batch:900/1076 Loss:0.318 & Accuracy:87.74%
2025 April 28 16:52:29 [INFO]: TRAIN: Batch:1000/1076 Loss:0.024 & Accuracy:88.21%
2025 April 28 16:53:35 [INFO]: Epoch:10 average train Loss:0.322 & Accuracy:87.87%
2025 April 28 16:57:02 [INFO]: Epoch:10 Validation Loss 0.6301 | Accuracy 80.61% | F1 Score 0.7902
2025 April 28 16:57:02 [INFO]: Current learning rate: 0.0001
2025 April 28 16:57:03 [INFO]: Epoch: 11/20
2025 April 28 16:57:05 [INFO]: TRAIN: Batch:0/1076 Loss:0.025 & Accuracy:100.00%
2025 April 28 16:58:34 [INFO]: TRAIN: Batch:100/1076 Loss:0.025 & Accuracy:92.57%
2025 April 28 17:00:02 [INFO]: TRAIN: Batch:200/1076 Loss:0.618 & Accuracy:91.54%
2025 April 28 17:01:30 [INFO]: TRAIN: Batch:300/1076 Loss:0.045 & Accuracy:91.20%
2025 April 28 17:02:59 [INFO]: TRAIN: Batch:400/1076 Loss:0.377 & Accuracy:90.65%
2025 April 28 17:04:27 [INFO]: TRAIN: Batch:500/1076 Loss:0.320 & Accuracy:90.52%
2025 April 28 17:05:56 [INFO]: TRAIN: Batch:600/1076 Loss:0.026 & Accuracy:90.10%
2025 April 28 17:07:24 [INFO]: TRAIN: Batch:700/1076 Loss:0.370 & Accuracy:89.66%
2025 April 28 17:08:53 [INFO]: TRAIN: Batch:800/1076 Loss:0.050 & Accuracy:89.58%
2025 April 28 17:10:21 [INFO]: TRAIN: Batch:900/1076 Loss:0.399 & Accuracy:90.01%
2025 April 28 17:11:50 [INFO]: TRAIN: Batch:1000/1076 Loss:0.043 & Accuracy:90.01%
2025 April 28 17:12:56 [INFO]: Epoch:11 average train Loss:0.273 & Accuracy:90.10%
2025 April 28 17:16:27 [INFO]: Epoch:11 Validation Loss 0.7132 | Accuracy 78.52% | F1 Score 0.7689
2025 April 28 17:16:27 [INFO]: Current learning rate: 0.0001
2025 April 28 17:16:28 [INFO]: Epoch: 12/20
2025 April 28 17:16:30 [INFO]: TRAIN: Batch:0/1076 Loss:0.025 & Accuracy:100.00%
2025 April 28 17:17:59 [INFO]: TRAIN: Batch:100/1076 Loss:0.026 & Accuracy:92.08%
2025 April 28 17:19:27 [INFO]: TRAIN: Batch:200/1076 Loss:0.023 & Accuracy:92.29%
2025 April 28 17:20:56 [INFO]: TRAIN: Batch:300/1076 Loss:2.138 & Accuracy:92.52%
2025 April 28 17:22:24 [INFO]: TRAIN: Batch:400/1076 Loss:0.034 & Accuracy:92.77%
2025 April 28 17:23:53 [INFO]: TRAIN: Batch:500/1076 Loss:0.021 & Accuracy:92.61%
2025 April 28 17:25:21 [INFO]: TRAIN: Batch:600/1076 Loss:0.021 & Accuracy:92.51%
2025 April 28 17:26:50 [INFO]: TRAIN: Batch:700/1076 Loss:0.316 & Accuracy:92.58%
2025 April 28 17:28:18 [INFO]: TRAIN: Batch:800/1076 Loss:0.464 & Accuracy:92.82%
2025 April 28 17:29:47 [INFO]: TRAIN: Batch:900/1076 Loss:0.026 & Accuracy:93.01%
2025 April 28 17:31:15 [INFO]: TRAIN: Batch:1000/1076 Loss:0.026 & Accuracy:92.91%
2025 April 28 17:32:22 [INFO]: Epoch:12 average train Loss:0.168 & Accuracy:92.80%
2025 April 28 17:35:49 [INFO]: Epoch:12 Validation Loss 0.6075 | Accuracy 81.58% | F1 Score 0.8075
2025 April 28 17:35:49 [INFO]: Current learning rate: 1e-05
2025 April 28 17:35:49 [INFO]: Epoch: 13/20
2025 April 28 17:35:52 [INFO]: TRAIN: Batch:0/1076 Loss:0.023 & Accuracy:100.00%
2025 April 28 17:37:20 [INFO]: TRAIN: Batch:100/1076 Loss:0.018 & Accuracy:93.56%
2025 April 28 17:38:49 [INFO]: TRAIN: Batch:200/1076 Loss:0.031 & Accuracy:94.78%
2025 April 28 17:40:17 [INFO]: TRAIN: Batch:300/1076 Loss:0.323 & Accuracy:94.52%
2025 April 28 17:41:46 [INFO]: TRAIN: Batch:400/1076 Loss:0.246 & Accuracy:94.26%
2025 April 28 17:43:14 [INFO]: TRAIN: Batch:500/1076 Loss:0.029 & Accuracy:94.11%
2025 April 28 17:44:42 [INFO]: TRAIN: Batch:600/1076 Loss:0.245 & Accuracy:94.43%
2025 April 28 17:46:11 [INFO]: TRAIN: Batch:700/1076 Loss:0.026 & Accuracy:94.15%
2025 April 28 17:47:39 [INFO]: TRAIN: Batch:800/1076 Loss:0.019 & Accuracy:94.13%
2025 April 28 17:49:08 [INFO]: TRAIN: Batch:900/1076 Loss:0.328 & Accuracy:94.17%
2025 April 28 17:50:36 [INFO]: TRAIN: Batch:1000/1076 Loss:0.235 & Accuracy:94.26%
2025 April 28 17:51:43 [INFO]: Epoch:13 average train Loss:0.141 & Accuracy:94.33%
2025 April 28 17:55:10 [INFO]: Epoch:13 Validation Loss 0.5901 | Accuracy 82.25% | F1 Score 0.8169
2025 April 28 17:55:10 [INFO]: Current learning rate: 1e-05
2025 April 28 17:55:10 [INFO]: Epoch: 14/20
2025 April 28 17:55:13 [INFO]: TRAIN: Batch:0/1076 Loss:0.020 & Accuracy:100.00%
2025 April 28 17:56:41 [INFO]: TRAIN: Batch:100/1076 Loss:0.337 & Accuracy:93.07%
2025 April 28 17:58:09 [INFO]: TRAIN: Batch:200/1076 Loss:0.023 & Accuracy:93.28%
2025 April 28 17:59:38 [INFO]: TRAIN: Batch:300/1076 Loss:0.016 & Accuracy:93.36%
2025 April 28 18:01:06 [INFO]: TRAIN: Batch:400/1076 Loss:0.025 & Accuracy:93.39%
2025 April 28 18:02:35 [INFO]: TRAIN: Batch:500/1076 Loss:0.014 & Accuracy:93.51%
2025 April 28 18:04:03 [INFO]: TRAIN: Batch:600/1076 Loss:0.019 & Accuracy:94.01%
2025 April 28 18:05:32 [INFO]: TRAIN: Batch:700/1076 Loss:0.020 & Accuracy:93.94%
2025 April 28 18:07:00 [INFO]: TRAIN: Batch:800/1076 Loss:0.029 & Accuracy:94.19%
2025 April 28 18:08:29 [INFO]: TRAIN: Batch:900/1076 Loss:0.032 & Accuracy:94.28%
2025 April 28 18:09:57 [INFO]: TRAIN: Batch:1000/1076 Loss:0.019 & Accuracy:94.51%
2025 April 28 18:11:04 [INFO]: Epoch:14 average train Loss:0.131 & Accuracy:94.38%
2025 April 28 18:14:31 [INFO]: Epoch:14 Validation Loss 0.5899 | Accuracy 81.73% | F1 Score 0.8117
2025 April 28 18:14:31 [INFO]: Current learning rate: 1e-05
2025 April 28 18:14:31 [INFO]: Epoch: 15/20
2025 April 28 18:14:34 [INFO]: TRAIN: Batch:0/1076 Loss:0.038 & Accuracy:100.00%
2025 April 28 18:16:02 [INFO]: TRAIN: Batch:100/1076 Loss:0.033 & Accuracy:95.05%
2025 April 28 18:17:31 [INFO]: TRAIN: Batch:200/1076 Loss:0.374 & Accuracy:96.27%
2025 April 28 18:18:59 [INFO]: TRAIN: Batch:300/1076 Loss:0.032 & Accuracy:95.18%
2025 April 28 18:20:28 [INFO]: TRAIN: Batch:400/1076 Loss:0.019 & Accuracy:95.26%
2025 April 28 18:21:56 [INFO]: TRAIN: Batch:500/1076 Loss:0.024 & Accuracy:95.11%
2025 April 28 18:23:25 [INFO]: TRAIN: Batch:600/1076 Loss:0.017 & Accuracy:95.01%
2025 April 28 18:24:53 [INFO]: TRAIN: Batch:700/1076 Loss:0.283 & Accuracy:95.36%
2025 April 28 18:26:22 [INFO]: TRAIN: Batch:800/1076 Loss:0.017 & Accuracy:95.32%
2025 April 28 18:27:50 [INFO]: TRAIN: Batch:900/1076 Loss:0.015 & Accuracy:95.17%
2025 April 28 18:29:19 [INFO]: TRAIN: Batch:1000/1076 Loss:0.026 & Accuracy:95.20%
2025 April 28 18:30:25 [INFO]: Epoch:15 average train Loss:0.119 & Accuracy:95.03%
2025 April 28 18:33:59 [INFO]: Epoch:15 Validation Loss 0.6022 | Accuracy 81.58% | F1 Score 0.8109
2025 April 28 18:33:59 [INFO]: Current learning rate: 1.0000000000000002e-06
2025 April 28 18:34:00 [INFO]: Epoch: 16/20
2025 April 28 18:34:03 [INFO]: TRAIN: Batch:0/1076 Loss:0.024 & Accuracy:100.00%
2025 April 28 18:35:31 [INFO]: TRAIN: Batch:100/1076 Loss:0.063 & Accuracy:96.53%
2025 April 28 18:37:00 [INFO]: TRAIN: Batch:200/1076 Loss:0.288 & Accuracy:95.52%
2025 April 28 18:38:28 [INFO]: TRAIN: Batch:300/1076 Loss:0.018 & Accuracy:95.18%
2025 April 28 18:39:57 [INFO]: TRAIN: Batch:400/1076 Loss:0.013 & Accuracy:95.26%
2025 April 28 18:41:25 [INFO]: TRAIN: Batch:500/1076 Loss:0.020 & Accuracy:95.61%
2025 April 28 18:42:54 [INFO]: TRAIN: Batch:600/1076 Loss:0.021 & Accuracy:95.84%
2025 April 28 18:44:22 [INFO]: TRAIN: Batch:700/1076 Loss:0.022 & Accuracy:95.86%
2025 April 28 18:45:51 [INFO]: TRAIN: Batch:800/1076 Loss:0.274 & Accuracy:95.88%
2025 April 28 18:47:19 [INFO]: TRAIN: Batch:900/1076 Loss:0.233 & Accuracy:95.34%
2025 April 28 18:48:48 [INFO]: TRAIN: Batch:1000/1076 Loss:0.374 & Accuracy:95.10%
2025 April 28 18:49:54 [INFO]: Epoch:16 average train Loss:0.119 & Accuracy:95.12%
2025 April 28 18:53:22 [INFO]: Epoch:16 Validation Loss 0.5985 | Accuracy 81.66% | F1 Score 0.8129
2025 April 28 18:53:22 [INFO]: Current learning rate: 1.0000000000000002e-06
2025 April 28 18:53:22 [INFO]: Epoch: 17/20
2025 April 28 18:53:25 [INFO]: TRAIN: Batch:0/1076 Loss:0.017 & Accuracy:100.00%
2025 April 28 18:54:53 [INFO]: TRAIN: Batch:100/1076 Loss:0.246 & Accuracy:95.05%
2025 April 28 18:56:22 [INFO]: TRAIN: Batch:200/1076 Loss:0.019 & Accuracy:93.78%
2025 April 28 18:57:50 [INFO]: TRAIN: Batch:300/1076 Loss:0.253 & Accuracy:94.52%
2025 April 28 18:59:19 [INFO]: TRAIN: Batch:400/1076 Loss:0.416 & Accuracy:94.51%
2025 April 28 19:00:47 [INFO]: TRAIN: Batch:500/1076 Loss:0.019 & Accuracy:94.51%
2025 April 28 19:02:16 [INFO]: TRAIN: Batch:600/1076 Loss:0.035 & Accuracy:94.51%
2025 April 28 19:03:44 [INFO]: TRAIN: Batch:700/1076 Loss:0.250 & Accuracy:94.29%
2025 April 28 19:05:13 [INFO]: TRAIN: Batch:800/1076 Loss:0.018 & Accuracy:94.44%
2025 April 28 19:06:41 [INFO]: TRAIN: Batch:900/1076 Loss:0.013 & Accuracy:94.51%
2025 April 28 19:08:10 [INFO]: TRAIN: Batch:1000/1076 Loss:0.014 & Accuracy:94.76%
2025 April 28 19:09:17 [INFO]: Epoch:17 average train Loss:0.120 & Accuracy:94.66%
2025 April 28 19:12:48 [INFO]: Epoch:17 Validation Loss 0.6177 | Accuracy 81.66% | F1 Score 0.8131
2025 April 28 19:12:48 [INFO]: Current learning rate: 1.0000000000000002e-06
2025 April 28 19:12:49 [INFO]: Epoch: 18/20
2025 April 28 19:12:52 [INFO]: TRAIN: Batch:0/1076 Loss:0.414 & Accuracy:50.00%
2025 April 28 19:14:20 [INFO]: TRAIN: Batch:100/1076 Loss:0.014 & Accuracy:95.05%
2025 April 28 19:15:49 [INFO]: TRAIN: Batch:200/1076 Loss:0.017 & Accuracy:95.52%
2025 April 28 19:17:17 [INFO]: TRAIN: Batch:300/1076 Loss:0.021 & Accuracy:96.01%
2025 April 28 19:18:46 [INFO]: TRAIN: Batch:400/1076 Loss:0.546 & Accuracy:96.38%
2025 April 28 19:20:14 [INFO]: TRAIN: Batch:500/1076 Loss:0.026 & Accuracy:96.01%
2025 April 28 19:21:43 [INFO]: TRAIN: Batch:600/1076 Loss:0.025 & Accuracy:96.01%
2025 April 28 19:23:11 [INFO]: TRAIN: Batch:700/1076 Loss:0.022 & Accuracy:95.93%
2025 April 28 19:24:40 [INFO]: TRAIN: Batch:800/1076 Loss:0.390 & Accuracy:95.69%
2025 April 28 19:26:08 [INFO]: TRAIN: Batch:900/1076 Loss:0.044 & Accuracy:95.73%
2025 April 28 19:27:37 [INFO]: TRAIN: Batch:1000/1076 Loss:0.081 & Accuracy:95.65%
2025 April 28 19:28:43 [INFO]: Epoch:18 average train Loss:0.115 & Accuracy:95.45%
2025 April 28 19:32:10 [INFO]: Epoch:18 Validation Loss 0.6040 | Accuracy 81.80% | F1 Score 0.8139
2025 April 28 19:32:10 [INFO]: Current learning rate: 1.0000000000000002e-07
2025 April 28 19:32:11 [INFO]: Epoch: 19/20
2025 April 28 19:32:13 [INFO]: TRAIN: Batch:0/1076 Loss:0.020 & Accuracy:100.00%
2025 April 28 19:33:42 [INFO]: TRAIN: Batch:100/1076 Loss:0.239 & Accuracy:95.54%
2025 April 28 19:35:10 [INFO]: TRAIN: Batch:200/1076 Loss:0.158 & Accuracy:96.52%
2025 April 28 19:36:39 [INFO]: TRAIN: Batch:300/1076 Loss:0.514 & Accuracy:95.68%
2025 April 28 19:38:07 [INFO]: TRAIN: Batch:400/1076 Loss:0.015 & Accuracy:95.51%
2025 April 28 19:39:36 [INFO]: TRAIN: Batch:500/1076 Loss:0.378 & Accuracy:95.81%
2025 April 28 19:41:04 [INFO]: TRAIN: Batch:600/1076 Loss:0.017 & Accuracy:95.76%
2025 April 28 19:42:33 [INFO]: TRAIN: Batch:700/1076 Loss:0.021 & Accuracy:95.72%
2025 April 28 19:44:01 [INFO]: TRAIN: Batch:800/1076 Loss:0.032 & Accuracy:95.76%
2025 April 28 19:45:30 [INFO]: TRAIN: Batch:900/1076 Loss:0.250 & Accuracy:95.50%
2025 April 28 19:46:58 [INFO]: TRAIN: Batch:1000/1076 Loss:0.023 & Accuracy:95.45%
2025 April 28 19:48:05 [INFO]: Epoch:19 average train Loss:0.115 & Accuracy:95.54%
2025 April 28 19:51:31 [INFO]: Epoch:19 Validation Loss 0.6093 | Accuracy 82.33% | F1 Score 0.8183
2025 April 28 19:51:31 [INFO]: Current learning rate: 1.0000000000000002e-07
2025 April 28 19:51:32 [INFO]: Epoch: 20/20
2025 April 28 19:51:34 [INFO]: TRAIN: Batch:0/1076 Loss:0.022 & Accuracy:100.00%
2025 April 28 19:53:03 [INFO]: TRAIN: Batch:100/1076 Loss:0.013 & Accuracy:95.05%
2025 April 28 19:54:31 [INFO]: TRAIN: Batch:200/1076 Loss:0.017 & Accuracy:95.52%
2025 April 28 19:56:00 [INFO]: TRAIN: Batch:300/1076 Loss:0.208 & Accuracy:96.51%
2025 April 28 19:57:28 [INFO]: TRAIN: Batch:400/1076 Loss:0.017 & Accuracy:96.01%
2025 April 28 19:58:57 [INFO]: TRAIN: Batch:500/1076 Loss:0.229 & Accuracy:96.01%
2025 April 28 20:00:25 [INFO]: TRAIN: Batch:600/1076 Loss:0.033 & Accuracy:95.26%
2025 April 28 20:01:54 [INFO]: TRAIN: Batch:700/1076 Loss:0.404 & Accuracy:95.08%
2025 April 28 20:03:22 [INFO]: TRAIN: Batch:800/1076 Loss:0.023 & Accuracy:95.13%
2025 April 28 20:04:51 [INFO]: TRAIN: Batch:900/1076 Loss:1.987 & Accuracy:95.06%
2025 April 28 20:06:19 [INFO]: TRAIN: Batch:1000/1076 Loss:0.022 & Accuracy:95.30%
2025 April 28 20:07:26 [INFO]: Epoch:20 average train Loss:0.116 & Accuracy:95.31%
2025 April 28 20:10:53 [INFO]: Epoch:20 Validation Loss 0.6042 | Accuracy 81.73% | F1 Score 0.8143
2025 April 28 20:10:53 [INFO]: Current learning rate: 1.0000000000000002e-07
2025 April 28 20:10:53 [INFO]: Training completed successfully
