2025 April 29 15:57:06 [INFO]: Starting the experiment: Baseline_7 V1.3
2025 April 29 15:57:06 [INFO]: Using device: cuda
2025 April 29 15:57:06 [INFO]: Training dataset size: 2152
2025 April 29 15:57:06 [INFO]: Validation dataset size: 1341
2025 April 29 15:57:06 [INFO]: Starting training from epoch: 1
2025 April 29 15:57:06 [INFO]: Epoch: 1/20
2025 April 29 15:57:24 [INFO]: TRAIN: Batch:0/269 Loss:2.000 & Accuracy:0.00%
2025 April 29 15:57:51 [INFO]: TRAIN: Batch:10/269 Loss:2.185 & Accuracy:15.91%
2025 April 29 15:58:20 [INFO]: TRAIN: Batch:20/269 Loss:2.026 & Accuracy:16.07%
2025 April 29 15:58:44 [INFO]: TRAIN: Batch:30/269 Loss:2.180 & Accuracy:16.94%
2025 April 29 15:59:13 [INFO]: TRAIN: Batch:40/269 Loss:2.174 & Accuracy:16.46%
2025 April 29 15:59:32 [INFO]: TRAIN: Batch:50/269 Loss:2.011 & Accuracy:16.67%
2025 April 29 15:59:58 [INFO]: TRAIN: Batch:60/269 Loss:2.139 & Accuracy:15.98%
2025 April 29 16:00:25 [INFO]: TRAIN: Batch:70/269 Loss:2.147 & Accuracy:17.78%
2025 April 29 16:00:53 [INFO]: TRAIN: Batch:80/269 Loss:2.155 & Accuracy:17.75%
2025 April 29 16:01:16 [INFO]: TRAIN: Batch:90/269 Loss:1.844 & Accuracy:17.99%
2025 April 29 16:01:41 [INFO]: TRAIN: Batch:100/269 Loss:1.990 & Accuracy:18.19%
2025 April 29 16:02:09 [INFO]: TRAIN: Batch:110/269 Loss:2.135 & Accuracy:18.58%
2025 April 29 16:02:32 [INFO]: TRAIN: Batch:120/269 Loss:1.763 & Accuracy:18.90%
2025 April 29 16:02:55 [INFO]: TRAIN: Batch:130/269 Loss:1.563 & Accuracy:19.27%
2025 April 29 16:03:21 [INFO]: TRAIN: Batch:140/269 Loss:2.008 & Accuracy:19.68%
2025 April 29 16:03:41 [INFO]: TRAIN: Batch:150/269 Loss:1.850 & Accuracy:20.61%
2025 April 29 16:04:12 [INFO]: TRAIN: Batch:160/269 Loss:1.693 & Accuracy:20.42%
2025 April 29 16:04:33 [INFO]: TRAIN: Batch:170/269 Loss:1.430 & Accuracy:21.27%
2025 April 29 16:04:58 [INFO]: TRAIN: Batch:180/269 Loss:1.844 & Accuracy:22.03%
2025 April 29 16:05:19 [INFO]: TRAIN: Batch:190/269 Loss:1.605 & Accuracy:22.71%
2025 April 29 16:05:54 [INFO]: TRAIN: Batch:200/269 Loss:1.694 & Accuracy:23.57%
2025 April 29 16:06:06 [INFO]: TRAIN: Batch:210/269 Loss:1.533 & Accuracy:24.88%
2025 April 29 16:06:28 [INFO]: TRAIN: Batch:220/269 Loss:1.905 & Accuracy:25.23%
2025 April 29 16:06:49 [INFO]: TRAIN: Batch:230/269 Loss:1.446 & Accuracy:25.65%
2025 April 29 16:07:03 [INFO]: TRAIN: Batch:240/269 Loss:1.608 & Accuracy:26.50%
2025 April 29 16:07:22 [INFO]: TRAIN: Batch:250/269 Loss:1.955 & Accuracy:26.99%
2025 April 29 16:07:39 [INFO]: TRAIN: Batch:260/269 Loss:1.274 & Accuracy:27.73%
2025 April 29 16:07:56 [INFO]: Epoch:1 average train Loss:1.843 & Accuracy:28.35%
2025 April 29 16:11:55 [INFO]: Epoch:1 Validation Loss 1.4383 | Accuracy 47.80% | F1 Score 0.4426
2025 April 29 16:11:55 [INFO]: Current learning rate: 0.0001
2025 April 29 16:11:55 [INFO]: Epoch: 2/20
2025 April 29 16:12:00 [INFO]: TRAIN: Batch:0/269 Loss:1.188 & Accuracy:75.00%
2025 April 29 16:12:17 [INFO]: TRAIN: Batch:10/269 Loss:1.347 & Accuracy:57.95%
2025 April 29 16:12:32 [INFO]: TRAIN: Batch:20/269 Loss:1.454 & Accuracy:52.98%
2025 April 29 16:12:45 [INFO]: TRAIN: Batch:30/269 Loss:1.220 & Accuracy:50.40%
2025 April 29 16:12:56 [INFO]: TRAIN: Batch:40/269 Loss:1.101 & Accuracy:49.70%
2025 April 29 16:13:08 [INFO]: TRAIN: Batch:50/269 Loss:1.479 & Accuracy:51.23%
2025 April 29 16:13:22 [INFO]: TRAIN: Batch:60/269 Loss:1.307 & Accuracy:52.66%
2025 April 29 16:13:34 [INFO]: TRAIN: Batch:70/269 Loss:1.176 & Accuracy:54.05%
2025 April 29 16:13:46 [INFO]: TRAIN: Batch:80/269 Loss:1.333 & Accuracy:54.32%
2025 April 29 16:14:00 [INFO]: TRAIN: Batch:90/269 Loss:1.647 & Accuracy:53.71%
2025 April 29 16:14:09 [INFO]: TRAIN: Batch:100/269 Loss:1.088 & Accuracy:54.08%
2025 April 29 16:14:19 [INFO]: TRAIN: Batch:110/269 Loss:1.319 & Accuracy:54.05%
2025 April 29 16:14:31 [INFO]: TRAIN: Batch:120/269 Loss:1.033 & Accuracy:54.65%
2025 April 29 16:14:43 [INFO]: TRAIN: Batch:130/269 Loss:1.269 & Accuracy:54.68%
2025 April 29 16:14:55 [INFO]: TRAIN: Batch:140/269 Loss:0.982 & Accuracy:55.14%
2025 April 29 16:15:06 [INFO]: TRAIN: Batch:150/269 Loss:1.232 & Accuracy:55.46%
2025 April 29 16:15:15 [INFO]: TRAIN: Batch:160/269 Loss:0.826 & Accuracy:55.36%
2025 April 29 16:15:25 [INFO]: TRAIN: Batch:170/269 Loss:1.139 & Accuracy:56.36%
2025 April 29 16:15:34 [INFO]: TRAIN: Batch:180/269 Loss:1.233 & Accuracy:56.49%
2025 April 29 16:15:43 [INFO]: TRAIN: Batch:190/269 Loss:1.123 & Accuracy:56.68%
2025 April 29 16:15:52 [INFO]: TRAIN: Batch:200/269 Loss:1.229 & Accuracy:56.97%
2025 April 29 16:16:01 [INFO]: TRAIN: Batch:210/269 Loss:1.519 & Accuracy:57.58%
2025 April 29 16:16:11 [INFO]: TRAIN: Batch:220/269 Loss:1.351 & Accuracy:57.75%
2025 April 29 16:16:20 [INFO]: TRAIN: Batch:230/269 Loss:0.819 & Accuracy:58.50%
2025 April 29 16:16:29 [INFO]: TRAIN: Batch:240/269 Loss:0.959 & Accuracy:59.18%
2025 April 29 16:16:38 [INFO]: TRAIN: Batch:250/269 Loss:1.042 & Accuracy:59.61%
2025 April 29 16:16:47 [INFO]: TRAIN: Batch:260/269 Loss:1.114 & Accuracy:60.01%
2025 April 29 16:16:55 [INFO]: Epoch:2 average train Loss:1.181 & Accuracy:60.13%
2025 April 29 16:18:32 [INFO]: Epoch:2 Validation Loss 1.1537 | Accuracy 57.64% | F1 Score 0.5265
2025 April 29 16:18:32 [INFO]: Current learning rate: 0.0001
2025 April 29 16:18:33 [INFO]: Epoch: 3/20
2025 April 29 16:18:38 [INFO]: TRAIN: Batch:0/269 Loss:1.070 & Accuracy:62.50%
2025 April 29 16:18:51 [INFO]: TRAIN: Batch:10/269 Loss:0.932 & Accuracy:73.86%
2025 April 29 16:19:00 [INFO]: TRAIN: Batch:20/269 Loss:1.189 & Accuracy:76.79%
2025 April 29 16:19:09 [INFO]: TRAIN: Batch:30/269 Loss:0.557 & Accuracy:79.03%
2025 April 29 16:19:18 [INFO]: TRAIN: Batch:40/269 Loss:0.558 & Accuracy:78.66%
2025 April 29 16:19:27 [INFO]: TRAIN: Batch:50/269 Loss:0.743 & Accuracy:78.92%
2025 April 29 16:19:37 [INFO]: TRAIN: Batch:60/269 Loss:0.839 & Accuracy:79.92%
2025 April 29 16:19:46 [INFO]: TRAIN: Batch:70/269 Loss:0.803 & Accuracy:80.11%
2025 April 29 16:19:55 [INFO]: TRAIN: Batch:80/269 Loss:0.780 & Accuracy:80.25%
2025 April 29 16:20:04 [INFO]: TRAIN: Batch:90/269 Loss:0.978 & Accuracy:80.49%
2025 April 29 16:20:13 [INFO]: TRAIN: Batch:100/269 Loss:0.619 & Accuracy:80.57%
2025 April 29 16:20:22 [INFO]: TRAIN: Batch:110/269 Loss:0.465 & Accuracy:80.52%
2025 April 29 16:20:31 [INFO]: TRAIN: Batch:120/269 Loss:0.639 & Accuracy:80.68%
2025 April 29 16:20:40 [INFO]: TRAIN: Batch:130/269 Loss:0.577 & Accuracy:80.44%
2025 April 29 16:20:49 [INFO]: TRAIN: Batch:140/269 Loss:0.695 & Accuracy:80.32%
2025 April 29 16:20:58 [INFO]: TRAIN: Batch:150/269 Loss:0.513 & Accuracy:80.71%
2025 April 29 16:21:07 [INFO]: TRAIN: Batch:160/269 Loss:0.596 & Accuracy:80.82%
2025 April 29 16:21:16 [INFO]: TRAIN: Batch:170/269 Loss:0.498 & Accuracy:80.48%
2025 April 29 16:21:26 [INFO]: TRAIN: Batch:180/269 Loss:0.532 & Accuracy:80.59%
2025 April 29 16:21:35 [INFO]: TRAIN: Batch:190/269 Loss:0.605 & Accuracy:80.43%
2025 April 29 16:21:44 [INFO]: TRAIN: Batch:200/269 Loss:0.576 & Accuracy:80.16%
2025 April 29 16:21:53 [INFO]: TRAIN: Batch:210/269 Loss:0.735 & Accuracy:79.62%
2025 April 29 16:22:02 [INFO]: TRAIN: Batch:220/269 Loss:0.953 & Accuracy:79.41%
2025 April 29 16:22:11 [INFO]: TRAIN: Batch:230/269 Loss:0.911 & Accuracy:79.17%
2025 April 29 16:22:20 [INFO]: TRAIN: Batch:240/269 Loss:0.884 & Accuracy:79.25%
2025 April 29 16:22:29 [INFO]: TRAIN: Batch:250/269 Loss:0.459 & Accuracy:78.93%
2025 April 29 16:22:38 [INFO]: TRAIN: Batch:260/269 Loss:0.512 & Accuracy:78.78%
2025 April 29 16:22:46 [INFO]: Epoch:3 average train Loss:0.710 & Accuracy:78.95%
2025 April 29 16:24:24 [INFO]: Epoch:3 Validation Loss 0.7282 | Accuracy 74.12% | F1 Score 0.7235
2025 April 29 16:24:24 [INFO]: Current learning rate: 0.0001
2025 April 29 16:24:25 [INFO]: Epoch: 4/20
2025 April 29 16:24:30 [INFO]: TRAIN: Batch:0/269 Loss:0.651 & Accuracy:87.50%
2025 April 29 16:24:43 [INFO]: TRAIN: Batch:10/269 Loss:0.312 & Accuracy:86.36%
2025 April 29 16:24:52 [INFO]: TRAIN: Batch:20/269 Loss:0.477 & Accuracy:86.31%
2025 April 29 16:25:02 [INFO]: TRAIN: Batch:30/269 Loss:0.184 & Accuracy:87.90%
