2025 April 16 22:06:46 [INFO]: Starting the experiment: Baseline_5 V1.0
2025 April 16 22:06:46 [INFO]: Using device: cuda
2025 April 16 22:06:46 [INFO]: Training dataset size: 2152
2025 April 16 22:06:46 [INFO]: Validation dataset size: 1341
2025 April 16 22:06:46 [INFO]: Starting training from epoch: 1
2025 April 16 22:06:46 [INFO]: Epoch: 1/20
2025 April 16 22:06:51 [INFO]: TRAIN: Batch:0/1076 Loss:2.101 & Accuracy:0.00%
2025 April 16 22:08:20 [INFO]: TRAIN: Batch:100/1076 Loss:1.927 & Accuracy:15.84%
2025 April 16 22:09:48 [INFO]: TRAIN: Batch:200/1076 Loss:2.046 & Accuracy:14.43%
2025 April 16 22:11:17 [INFO]: TRAIN: Batch:300/1076 Loss:1.972 & Accuracy:15.28%
2025 April 16 22:12:45 [INFO]: TRAIN: Batch:400/1076 Loss:1.772 & Accuracy:16.08%
2025 April 16 22:14:14 [INFO]: TRAIN: Batch:500/1076 Loss:2.222 & Accuracy:15.77%
2025 April 16 22:15:42 [INFO]: TRAIN: Batch:600/1076 Loss:2.060 & Accuracy:15.89%
2025 April 16 22:17:10 [INFO]: TRAIN: Batch:700/1076 Loss:1.935 & Accuracy:15.91%
2025 April 16 22:18:39 [INFO]: TRAIN: Batch:800/1076 Loss:1.991 & Accuracy:16.17%
2025 April 16 22:20:07 [INFO]: TRAIN: Batch:900/1076 Loss:1.985 & Accuracy:16.20%
2025 April 16 22:21:36 [INFO]: TRAIN: Batch:1000/1076 Loss:2.218 & Accuracy:15.98%
2025 April 16 22:22:42 [INFO]: Epoch:1 average train Loss:2.037 & Accuracy:15.80%
2025 April 16 22:26:15 [INFO]: Epoch:1 Validation Loss 2.0250 | Accuracy 16.41% | F1 Score 0.05099
2025 April 16 22:26:15 [INFO]: Current learning rate: 0.0001
2025 April 16 22:26:16 [INFO]: Epoch: 2/20
2025 April 16 22:26:19 [INFO]: TRAIN: Batch:0/1076 Loss:1.680 & Accuracy:50.00%
2025 April 16 22:27:47 [INFO]: TRAIN: Batch:100/1076 Loss:1.953 & Accuracy:15.84%
2025 April 16 22:29:16 [INFO]: TRAIN: Batch:200/1076 Loss:1.989 & Accuracy:16.67%
2025 April 16 22:30:44 [INFO]: TRAIN: Batch:300/1076 Loss:2.269 & Accuracy:16.94%
2025 April 16 22:32:13 [INFO]: TRAIN: Batch:400/1076 Loss:2.434 & Accuracy:17.71%
2025 April 16 22:33:41 [INFO]: TRAIN: Batch:500/1076 Loss:1.970 & Accuracy:17.76%
2025 April 16 22:35:10 [INFO]: TRAIN: Batch:600/1076 Loss:2.087 & Accuracy:17.05%
2025 April 16 22:36:38 [INFO]: TRAIN: Batch:700/1076 Loss:1.915 & Accuracy:16.41%
2025 April 16 22:38:07 [INFO]: TRAIN: Batch:800/1076 Loss:1.863 & Accuracy:15.98%
2025 April 16 22:39:35 [INFO]: TRAIN: Batch:900/1076 Loss:1.987 & Accuracy:16.09%
2025 April 16 22:41:04 [INFO]: TRAIN: Batch:1000/1076 Loss:1.639 & Accuracy:16.68%
2025 April 16 22:42:10 [INFO]: Epoch:2 average train Loss:2.020 & Accuracy:16.59%
2025 April 16 22:45:37 [INFO]: Epoch:2 Validation Loss 1.9886 | Accuracy 25.58% | F1 Score 0.1315
2025 April 16 22:45:37 [INFO]: Current learning rate: 0.0001
2025 April 16 22:45:38 [INFO]: Epoch: 3/20
2025 April 16 22:45:40 [INFO]: TRAIN: Batch:0/1076 Loss:2.371 & Accuracy:0.00%
2025 April 16 22:47:09 [INFO]: TRAIN: Batch:100/1076 Loss:1.928 & Accuracy:24.75%
2025 April 16 22:48:37 [INFO]: TRAIN: Batch:200/1076 Loss:1.930 & Accuracy:25.37%
2025 April 16 22:50:06 [INFO]: TRAIN: Batch:300/1076 Loss:2.131 & Accuracy:21.93%
2025 April 16 22:51:34 [INFO]: TRAIN: Batch:400/1076 Loss:1.946 & Accuracy:20.57%
2025 April 16 22:53:03 [INFO]: TRAIN: Batch:500/1076 Loss:1.660 & Accuracy:20.76%
2025 April 16 22:54:31 [INFO]: TRAIN: Batch:600/1076 Loss:2.272 & Accuracy:21.30%
2025 April 16 22:56:00 [INFO]: TRAIN: Batch:700/1076 Loss:1.300 & Accuracy:22.25%
2025 April 16 22:57:28 [INFO]: TRAIN: Batch:800/1076 Loss:1.889 & Accuracy:23.22%
2025 April 16 22:58:57 [INFO]: TRAIN: Batch:900/1076 Loss:1.865 & Accuracy:22.97%
2025 April 16 23:00:26 [INFO]: TRAIN: Batch:1000/1076 Loss:1.469 & Accuracy:23.48%
2025 April 16 23:01:32 [INFO]: Epoch:3 average train Loss:1.919 & Accuracy:23.93%
2025 April 16 23:05:00 [INFO]: Epoch:3 Validation Loss 1.9202 | Accuracy 26.25% | F1 Score 0.138
2025 April 16 23:05:00 [INFO]: Current learning rate: 0.0001
2025 April 16 23:05:01 [INFO]: Epoch: 4/20
2025 April 16 23:05:03 [INFO]: TRAIN: Batch:0/1076 Loss:1.587 & Accuracy:50.00%
2025 April 16 23:06:32 [INFO]: TRAIN: Batch:100/1076 Loss:2.098 & Accuracy:32.67%
2025 April 16 23:08:01 [INFO]: TRAIN: Batch:200/1076 Loss:2.290 & Accuracy:27.86%
2025 April 16 23:09:29 [INFO]: TRAIN: Batch:300/1076 Loss:2.319 & Accuracy:28.74%
2025 April 16 23:10:58 [INFO]: TRAIN: Batch:400/1076 Loss:3.311 & Accuracy:28.93%
2025 April 16 23:12:27 [INFO]: TRAIN: Batch:500/1076 Loss:2.065 & Accuracy:28.54%
2025 April 16 23:13:55 [INFO]: TRAIN: Batch:600/1076 Loss:1.917 & Accuracy:28.04%
2025 April 16 23:15:24 [INFO]: TRAIN: Batch:700/1076 Loss:2.017 & Accuracy:28.17%
2025 April 16 23:16:53 [INFO]: TRAIN: Batch:800/1076 Loss:2.107 & Accuracy:28.84%
2025 April 16 23:18:21 [INFO]: TRAIN: Batch:900/1076 Loss:2.809 & Accuracy:28.91%
2025 April 16 23:19:50 [INFO]: TRAIN: Batch:1000/1076 Loss:0.073 & Accuracy:29.62%
2025 April 16 23:20:56 [INFO]: Epoch:4 average train Loss:1.763 & Accuracy:29.97%
2025 April 16 23:24:24 [INFO]: Epoch:4 Validation Loss 1.6370 | Accuracy 37.51% | F1 Score 0.3014
2025 April 16 23:24:24 [INFO]: Current learning rate: 0.0001
2025 April 16 23:24:25 [INFO]: Epoch: 5/20
2025 April 16 23:24:27 [INFO]: TRAIN: Batch:0/1076 Loss:1.963 & Accuracy:0.00%
2025 April 16 23:25:56 [INFO]: TRAIN: Batch:100/1076 Loss:0.410 & Accuracy:40.10%
2025 April 16 23:27:24 [INFO]: TRAIN: Batch:200/1076 Loss:1.787 & Accuracy:38.31%
2025 April 16 23:28:53 [INFO]: TRAIN: Batch:300/1076 Loss:1.197 & Accuracy:35.71%
2025 April 16 23:30:22 [INFO]: TRAIN: Batch:400/1076 Loss:1.184 & Accuracy:36.53%
2025 April 16 23:31:50 [INFO]: TRAIN: Batch:500/1076 Loss:2.643 & Accuracy:37.43%
2025 April 16 23:33:19 [INFO]: TRAIN: Batch:600/1076 Loss:0.883 & Accuracy:37.19%
2025 April 16 23:34:48 [INFO]: TRAIN: Batch:700/1076 Loss:0.759 & Accuracy:38.30%
2025 April 16 23:36:16 [INFO]: TRAIN: Batch:800/1076 Loss:1.594 & Accuracy:38.64%
2025 April 16 23:37:45 [INFO]: TRAIN: Batch:900/1076 Loss:0.351 & Accuracy:40.07%
2025 April 16 23:39:13 [INFO]: TRAIN: Batch:1000/1076 Loss:2.260 & Accuracy:40.86%
2025 April 16 23:40:20 [INFO]: Epoch:5 average train Loss:1.532 & Accuracy:41.22%
2025 April 16 23:43:48 [INFO]: Epoch:5 Validation Loss 1.4334 | Accuracy 44.30% | F1 Score 0.4247
2025 April 16 23:43:48 [INFO]: Current learning rate: 0.0001
2025 April 16 23:43:49 [INFO]: Epoch: 6/20
2025 April 16 23:43:51 [INFO]: TRAIN: Batch:0/1076 Loss:1.353 & Accuracy:50.00%
2025 April 16 23:45:20 [INFO]: TRAIN: Batch:100/1076 Loss:2.166 & Accuracy:48.02%
2025 April 16 23:46:48 [INFO]: TRAIN: Batch:200/1076 Loss:1.486 & Accuracy:48.76%
2025 April 16 23:48:17 [INFO]: TRAIN: Batch:300/1076 Loss:0.428 & Accuracy:49.34%
2025 April 16 23:49:46 [INFO]: TRAIN: Batch:400/1076 Loss:1.141 & Accuracy:48.63%
2025 April 16 23:51:14 [INFO]: TRAIN: Batch:500/1076 Loss:0.788 & Accuracy:50.60%
2025 April 16 23:52:43 [INFO]: TRAIN: Batch:600/1076 Loss:1.572 & Accuracy:51.25%
2025 April 16 23:54:12 [INFO]: TRAIN: Batch:700/1076 Loss:3.243 & Accuracy:53.00%
2025 April 16 23:55:40 [INFO]: TRAIN: Batch:800/1076 Loss:0.298 & Accuracy:53.25%
2025 April 16 23:57:09 [INFO]: TRAIN: Batch:900/1076 Loss:1.064 & Accuracy:53.50%
2025 April 16 23:58:38 [INFO]: TRAIN: Batch:1000/1076 Loss:1.770 & Accuracy:54.05%
2025 April 16 23:59:44 [INFO]: Epoch:6 average train Loss:1.194 & Accuracy:54.23%
2025 April 17 00:03:13 [INFO]: Epoch:6 Validation Loss 1.2534 | Accuracy 55.41% | F1 Score 0.5454
2025 April 17 00:03:13 [INFO]: Current learning rate: 0.0001
2025 April 17 00:03:13 [INFO]: Epoch: 7/20
2025 April 17 00:03:16 [INFO]: TRAIN: Batch:0/1076 Loss:1.414 & Accuracy:0.00%
2025 April 17 00:04:45 [INFO]: TRAIN: Batch:100/1076 Loss:3.477 & Accuracy:56.44%
2025 April 17 00:06:13 [INFO]: TRAIN: Batch:200/1076 Loss:0.420 & Accuracy:58.21%
2025 April 17 00:07:42 [INFO]: TRAIN: Batch:300/1076 Loss:1.075 & Accuracy:58.64%
2025 April 17 00:09:11 [INFO]: TRAIN: Batch:400/1076 Loss:0.570 & Accuracy:58.85%
2025 April 17 00:10:39 [INFO]: TRAIN: Batch:500/1076 Loss:1.498 & Accuracy:59.18%
2025 April 17 00:12:08 [INFO]: TRAIN: Batch:600/1076 Loss:1.409 & Accuracy:59.73%
2025 April 17 00:13:37 [INFO]: TRAIN: Batch:700/1076 Loss:0.193 & Accuracy:60.70%
2025 April 17 00:15:05 [INFO]: TRAIN: Batch:800/1076 Loss:0.459 & Accuracy:60.67%
2025 April 17 00:16:34 [INFO]: TRAIN: Batch:900/1076 Loss:0.843 & Accuracy:61.65%
2025 April 17 00:18:02 [INFO]: TRAIN: Batch:1000/1076 Loss:0.363 & Accuracy:60.84%
2025 April 17 00:19:09 [INFO]: Epoch:7 average train Loss:0.996 & Accuracy:61.11%
2025 April 17 00:22:37 [INFO]: Epoch:7 Validation Loss 1.1080 | Accuracy 61.37% | F1 Score 0.5922
2025 April 17 00:22:37 [INFO]: Current learning rate: 0.0001
2025 April 17 00:22:37 [INFO]: Epoch: 8/20
2025 April 17 00:22:40 [INFO]: TRAIN: Batch:0/1076 Loss:0.552 & Accuracy:100.00%
2025 April 17 00:24:08 [INFO]: TRAIN: Batch:100/1076 Loss:0.495 & Accuracy:64.85%
2025 April 17 00:25:37 [INFO]: TRAIN: Batch:200/1076 Loss:0.093 & Accuracy:68.41%
2025 April 17 00:27:06 [INFO]: TRAIN: Batch:300/1076 Loss:1.156 & Accuracy:67.77%
2025 April 17 00:28:34 [INFO]: TRAIN: Batch:400/1076 Loss:1.122 & Accuracy:67.71%
2025 April 17 00:30:03 [INFO]: TRAIN: Batch:500/1076 Loss:0.816 & Accuracy:67.76%
2025 April 17 00:31:32 [INFO]: TRAIN: Batch:600/1076 Loss:0.042 & Accuracy:67.72%
2025 April 17 00:33:00 [INFO]: TRAIN: Batch:700/1076 Loss:2.247 & Accuracy:67.19%
2025 April 17 00:34:29 [INFO]: TRAIN: Batch:800/1076 Loss:0.826 & Accuracy:67.48%
2025 April 17 00:35:58 [INFO]: TRAIN: Batch:900/1076 Loss:0.575 & Accuracy:68.15%
2025 April 17 00:37:26 [INFO]: TRAIN: Batch:1000/1076 Loss:1.049 & Accuracy:68.58%
2025 April 17 00:38:33 [INFO]: Epoch:8 average train Loss:0.825 & Accuracy:68.36%
2025 April 17 00:42:01 [INFO]: Epoch:8 Validation Loss 0.8964 | Accuracy 66.74% | F1 Score 0.6501
2025 April 17 00:42:01 [INFO]: Current learning rate: 0.0001
2025 April 17 00:42:02 [INFO]: Epoch: 9/20
2025 April 17 00:42:04 [INFO]: TRAIN: Batch:0/1076 Loss:0.199 & Accuracy:100.00%
2025 April 17 00:43:33 [INFO]: TRAIN: Batch:100/1076 Loss:0.273 & Accuracy:73.76%
2025 April 17 00:45:01 [INFO]: TRAIN: Batch:200/1076 Loss:1.182 & Accuracy:72.39%
2025 April 17 00:46:30 [INFO]: TRAIN: Batch:300/1076 Loss:1.610 & Accuracy:73.26%
2025 April 17 00:47:59 [INFO]: TRAIN: Batch:400/1076 Loss:0.384 & Accuracy:73.32%
2025 April 17 00:49:27 [INFO]: TRAIN: Batch:500/1076 Loss:1.822 & Accuracy:73.35%
2025 April 17 00:50:56 [INFO]: TRAIN: Batch:600/1076 Loss:2.173 & Accuracy:73.38%
2025 April 17 00:52:25 [INFO]: TRAIN: Batch:700/1076 Loss:0.900 & Accuracy:72.18%
2025 April 17 00:53:53 [INFO]: TRAIN: Batch:800/1076 Loss:1.110 & Accuracy:72.16%
2025 April 17 00:55:22 [INFO]: TRAIN: Batch:900/1076 Loss:0.292 & Accuracy:72.48%
2025 April 17 00:56:50 [INFO]: TRAIN: Batch:1000/1076 Loss:0.880 & Accuracy:72.58%
2025 April 17 00:57:57 [INFO]: Epoch:9 average train Loss:0.707 & Accuracy:72.77%
2025 April 17 01:01:25 [INFO]: Epoch:9 Validation Loss 1.3768 | Accuracy 59.73% | F1 Score 0.5651
2025 April 17 01:01:25 [INFO]: Current learning rate: 0.0001
2025 April 17 01:01:25 [INFO]: Epoch: 10/20
2025 April 17 01:01:28 [INFO]: TRAIN: Batch:0/1076 Loss:0.156 & Accuracy:100.00%
2025 April 17 01:02:57 [INFO]: TRAIN: Batch:100/1076 Loss:0.394 & Accuracy:73.76%
2025 April 17 01:04:25 [INFO]: TRAIN: Batch:200/1076 Loss:0.612 & Accuracy:75.37%
2025 April 17 01:05:54 [INFO]: TRAIN: Batch:300/1076 Loss:2.131 & Accuracy:75.91%
2025 April 17 01:07:23 [INFO]: TRAIN: Batch:400/1076 Loss:0.061 & Accuracy:76.81%
2025 April 17 01:08:51 [INFO]: TRAIN: Batch:500/1076 Loss:0.568 & Accuracy:76.55%
2025 April 17 01:10:20 [INFO]: TRAIN: Batch:600/1076 Loss:0.143 & Accuracy:76.21%
2025 April 17 01:11:49 [INFO]: TRAIN: Batch:700/1076 Loss:0.712 & Accuracy:75.61%
2025 April 17 01:13:17 [INFO]: TRAIN: Batch:800/1076 Loss:0.114 & Accuracy:76.47%
2025 April 17 01:14:46 [INFO]: TRAIN: Batch:900/1076 Loss:0.108 & Accuracy:76.80%
2025 April 17 01:16:15 [INFO]: TRAIN: Batch:1000/1076 Loss:0.018 & Accuracy:76.77%
2025 April 17 01:17:21 [INFO]: Epoch:10 average train Loss:0.601 & Accuracy:76.63%
2025 April 17 01:20:49 [INFO]: Epoch:10 Validation Loss 0.7983 | Accuracy 72.04% | F1 Score 0.7174
2025 April 17 01:20:49 [INFO]: Current learning rate: 0.0001
2025 April 17 01:20:50 [INFO]: Epoch: 11/20
2025 April 17 01:20:52 [INFO]: TRAIN: Batch:0/1076 Loss:0.584 & Accuracy:50.00%
2025 April 17 01:22:21 [INFO]: TRAIN: Batch:100/1076 Loss:0.383 & Accuracy:76.24%
2025 April 17 01:23:49 [INFO]: TRAIN: Batch:200/1076 Loss:0.070 & Accuracy:80.10%
2025 April 17 01:25:18 [INFO]: TRAIN: Batch:300/1076 Loss:0.425 & Accuracy:79.90%
2025 April 17 01:26:47 [INFO]: TRAIN: Batch:400/1076 Loss:0.496 & Accuracy:80.80%
2025 April 17 01:28:15 [INFO]: TRAIN: Batch:500/1076 Loss:0.412 & Accuracy:80.84%
2025 April 17 01:29:44 [INFO]: TRAIN: Batch:600/1076 Loss:0.622 & Accuracy:80.95%
2025 April 17 01:31:13 [INFO]: TRAIN: Batch:700/1076 Loss:0.684 & Accuracy:81.46%
2025 April 17 01:32:41 [INFO]: TRAIN: Batch:800/1076 Loss:0.594 & Accuracy:82.21%
2025 April 17 01:34:10 [INFO]: TRAIN: Batch:900/1076 Loss:0.257 & Accuracy:82.30%
2025 April 17 01:35:38 [INFO]: TRAIN: Batch:1000/1076 Loss:0.034 & Accuracy:81.97%
2025 April 17 01:36:45 [INFO]: Epoch:11 average train Loss:0.496 & Accuracy:82.06%
2025 April 17 01:40:13 [INFO]: Epoch:11 Validation Loss 0.7562 | Accuracy 75.47% | F1 Score 0.745
2025 April 17 01:40:13 [INFO]: Current learning rate: 0.0001
2025 April 17 01:40:13 [INFO]: Epoch: 12/20
2025 April 17 01:40:16 [INFO]: TRAIN: Batch:0/1076 Loss:0.042 & Accuracy:100.00%
2025 April 17 01:41:45 [INFO]: TRAIN: Batch:100/1076 Loss:0.096 & Accuracy:85.15%
2025 April 17 01:43:13 [INFO]: TRAIN: Batch:200/1076 Loss:0.134 & Accuracy:83.33%
2025 April 17 01:44:42 [INFO]: TRAIN: Batch:300/1076 Loss:0.040 & Accuracy:82.89%
2025 April 17 01:46:11 [INFO]: TRAIN: Batch:400/1076 Loss:0.039 & Accuracy:84.16%
2025 April 17 01:47:39 [INFO]: TRAIN: Batch:500/1076 Loss:0.260 & Accuracy:83.93%
2025 April 17 01:49:08 [INFO]: TRAIN: Batch:600/1076 Loss:3.062 & Accuracy:83.61%
2025 April 17 01:50:37 [INFO]: TRAIN: Batch:700/1076 Loss:0.015 & Accuracy:83.59%
2025 April 17 01:52:05 [INFO]: TRAIN: Batch:800/1076 Loss:0.359 & Accuracy:83.83%
2025 April 17 01:53:34 [INFO]: TRAIN: Batch:900/1076 Loss:0.095 & Accuracy:83.57%
2025 April 17 01:55:03 [INFO]: TRAIN: Batch:1000/1076 Loss:0.028 & Accuracy:83.57%
2025 April 17 01:56:09 [INFO]: Epoch:12 average train Loss:0.439 & Accuracy:83.50%
2025 April 17 01:59:37 [INFO]: Epoch:12 Validation Loss 0.6928 | Accuracy 77.40% | F1 Score 0.7713
2025 April 17 01:59:37 [INFO]: Current learning rate: 0.0001
2025 April 17 01:59:38 [INFO]: Epoch: 13/20
2025 April 17 01:59:40 [INFO]: TRAIN: Batch:0/1076 Loss:0.331 & Accuracy:100.00%
2025 April 17 02:01:09 [INFO]: TRAIN: Batch:100/1076 Loss:0.054 & Accuracy:86.63%
2025 April 17 02:02:38 [INFO]: TRAIN: Batch:200/1076 Loss:0.096 & Accuracy:85.82%
2025 April 17 02:04:06 [INFO]: TRAIN: Batch:300/1076 Loss:0.669 & Accuracy:87.38%
2025 April 17 02:05:35 [INFO]: TRAIN: Batch:400/1076 Loss:0.919 & Accuracy:86.53%
2025 April 17 02:07:04 [INFO]: TRAIN: Batch:500/1076 Loss:0.009 & Accuracy:86.63%
2025 April 17 02:08:32 [INFO]: TRAIN: Batch:600/1076 Loss:0.038 & Accuracy:86.27%
2025 April 17 02:10:01 [INFO]: TRAIN: Batch:700/1076 Loss:0.095 & Accuracy:86.80%
2025 April 17 02:11:30 [INFO]: TRAIN: Batch:800/1076 Loss:0.094 & Accuracy:87.14%
2025 April 17 02:12:58 [INFO]: TRAIN: Batch:900/1076 Loss:0.003 & Accuracy:86.85%
2025 April 17 02:14:27 [INFO]: TRAIN: Batch:1000/1076 Loss:0.442 & Accuracy:86.46%
2025 April 17 02:15:33 [INFO]: Epoch:13 average train Loss:0.367 & Accuracy:86.38%
2025 April 17 02:19:02 [INFO]: Epoch:13 Validation Loss 0.6847 | Accuracy 77.78% | F1 Score 0.775
2025 April 17 02:19:02 [INFO]: Current learning rate: 0.0001
2025 April 17 02:19:02 [INFO]: Epoch: 14/20
2025 April 17 02:19:05 [INFO]: TRAIN: Batch:0/1076 Loss:0.631 & Accuracy:50.00%
2025 April 17 02:20:34 [INFO]: TRAIN: Batch:100/1076 Loss:0.016 & Accuracy:89.11%
2025 April 17 02:22:02 [INFO]: TRAIN: Batch:200/1076 Loss:0.617 & Accuracy:89.30%
2025 April 17 02:23:31 [INFO]: TRAIN: Batch:300/1076 Loss:0.696 & Accuracy:87.38%
2025 April 17 02:25:00 [INFO]: TRAIN: Batch:400/1076 Loss:1.896 & Accuracy:88.15%
2025 April 17 02:26:29 [INFO]: TRAIN: Batch:500/1076 Loss:0.009 & Accuracy:88.72%
2025 April 17 02:27:57 [INFO]: TRAIN: Batch:600/1076 Loss:0.140 & Accuracy:88.44%
2025 April 17 02:29:26 [INFO]: TRAIN: Batch:700/1076 Loss:0.120 & Accuracy:88.30%
2025 April 17 02:30:55 [INFO]: TRAIN: Batch:800/1076 Loss:1.403 & Accuracy:88.14%
2025 April 17 02:32:23 [INFO]: TRAIN: Batch:900/1076 Loss:0.184 & Accuracy:87.40%
2025 April 17 02:33:52 [INFO]: TRAIN: Batch:1000/1076 Loss:0.019 & Accuracy:87.16%
2025 April 17 02:34:58 [INFO]: Epoch:14 average train Loss:0.344 & Accuracy:86.99%
2025 April 17 02:38:27 [INFO]: Epoch:14 Validation Loss 0.6769 | Accuracy 78.90% | F1 Score 0.7884
2025 April 17 02:38:27 [INFO]: Current learning rate: 0.0001
2025 April 17 02:38:27 [INFO]: Epoch: 15/20
2025 April 17 02:38:30 [INFO]: TRAIN: Batch:0/1076 Loss:0.007 & Accuracy:100.00%
2025 April 17 02:39:59 [INFO]: TRAIN: Batch:100/1076 Loss:0.252 & Accuracy:88.12%
2025 April 17 02:41:27 [INFO]: TRAIN: Batch:200/1076 Loss:0.019 & Accuracy:88.56%
2025 April 17 02:42:56 [INFO]: TRAIN: Batch:300/1076 Loss:0.084 & Accuracy:88.37%
2025 April 17 02:44:25 [INFO]: TRAIN: Batch:400/1076 Loss:0.007 & Accuracy:88.65%
2025 April 17 02:45:53 [INFO]: TRAIN: Batch:500/1076 Loss:0.097 & Accuracy:89.22%
2025 April 17 02:47:22 [INFO]: TRAIN: Batch:600/1076 Loss:0.602 & Accuracy:89.18%
2025 April 17 02:48:51 [INFO]: TRAIN: Batch:700/1076 Loss:0.001 & Accuracy:89.37%
2025 April 17 02:50:19 [INFO]: TRAIN: Batch:800/1076 Loss:0.207 & Accuracy:89.20%
2025 April 17 02:51:48 [INFO]: TRAIN: Batch:900/1076 Loss:0.531 & Accuracy:89.35%
2025 April 17 02:53:17 [INFO]: TRAIN: Batch:1000/1076 Loss:0.309 & Accuracy:89.46%
2025 April 17 02:54:23 [INFO]: Epoch:15 average train Loss:0.256 & Accuracy:89.54%
2025 April 17 02:57:52 [INFO]: Epoch:15 Validation Loss 0.8607 | Accuracy 72.78% | F1 Score 0.7289
2025 April 17 02:57:52 [INFO]: Current learning rate: 0.0001
2025 April 17 02:57:52 [INFO]: Epoch: 16/20
2025 April 17 02:57:55 [INFO]: TRAIN: Batch:0/1076 Loss:0.396 & Accuracy:50.00%
2025 April 17 02:59:23 [INFO]: TRAIN: Batch:100/1076 Loss:0.393 & Accuracy:92.08%
2025 April 17 03:00:52 [INFO]: TRAIN: Batch:200/1076 Loss:0.006 & Accuracy:91.04%
2025 April 17 03:02:21 [INFO]: TRAIN: Batch:300/1076 Loss:0.009 & Accuracy:90.37%
2025 April 17 03:03:49 [INFO]: TRAIN: Batch:400/1076 Loss:0.032 & Accuracy:90.40%
2025 April 17 03:05:18 [INFO]: TRAIN: Batch:500/1076 Loss:0.072 & Accuracy:89.42%
2025 April 17 03:06:47 [INFO]: TRAIN: Batch:600/1076 Loss:0.011 & Accuracy:89.43%
2025 April 17 03:08:15 [INFO]: TRAIN: Batch:700/1076 Loss:0.026 & Accuracy:89.59%
2025 April 17 03:09:44 [INFO]: TRAIN: Batch:800/1076 Loss:0.125 & Accuracy:89.26%
2025 April 17 03:11:13 [INFO]: TRAIN: Batch:900/1076 Loss:3.508 & Accuracy:89.18%
2025 April 17 03:12:41 [INFO]: TRAIN: Batch:1000/1076 Loss:0.237 & Accuracy:89.36%
2025 April 17 03:13:48 [INFO]: Epoch:16 average train Loss:0.266 & Accuracy:89.45%
2025 April 17 03:17:16 [INFO]: Epoch:16 Validation Loss 0.7247 | Accuracy 80.39% | F1 Score 0.7955
2025 April 17 03:17:16 [INFO]: Current learning rate: 0.0001
2025 April 17 03:17:17 [INFO]: Epoch: 17/20
2025 April 17 03:17:19 [INFO]: TRAIN: Batch:0/1076 Loss:0.249 & Accuracy:100.00%
2025 April 17 03:18:48 [INFO]: TRAIN: Batch:100/1076 Loss:4.949 & Accuracy:91.09%
2025 April 17 03:20:16 [INFO]: TRAIN: Batch:200/1076 Loss:0.009 & Accuracy:90.05%
2025 April 17 03:21:45 [INFO]: TRAIN: Batch:300/1076 Loss:0.540 & Accuracy:89.70%
2025 April 17 03:23:14 [INFO]: TRAIN: Batch:400/1076 Loss:0.040 & Accuracy:89.78%
2025 April 17 03:24:42 [INFO]: TRAIN: Batch:500/1076 Loss:0.013 & Accuracy:89.72%
2025 April 17 03:26:11 [INFO]: TRAIN: Batch:600/1076 Loss:0.283 & Accuracy:89.43%
2025 April 17 03:27:40 [INFO]: TRAIN: Batch:700/1076 Loss:0.031 & Accuracy:89.37%
2025 April 17 03:29:08 [INFO]: TRAIN: Batch:800/1076 Loss:0.013 & Accuracy:89.76%
2025 April 17 03:30:37 [INFO]: TRAIN: Batch:900/1076 Loss:0.001 & Accuracy:89.73%
2025 April 17 03:32:06 [INFO]: TRAIN: Batch:1000/1076 Loss:0.927 & Accuracy:89.71%
2025 April 17 03:33:12 [INFO]: Epoch:17 average train Loss:0.257 & Accuracy:89.68%
2025 April 17 03:36:40 [INFO]: Epoch:17 Validation Loss 0.6899 | Accuracy 80.01% | F1 Score 0.7967
2025 April 17 03:36:40 [INFO]: Current learning rate: 0.0001
2025 April 17 03:36:41 [INFO]: Epoch: 18/20
2025 April 17 03:36:43 [INFO]: TRAIN: Batch:0/1076 Loss:0.016 & Accuracy:100.00%
2025 April 17 03:38:12 [INFO]: TRAIN: Batch:100/1076 Loss:0.010 & Accuracy:91.09%
2025 April 17 03:39:41 [INFO]: TRAIN: Batch:200/1076 Loss:0.153 & Accuracy:93.28%
2025 April 17 03:41:09 [INFO]: TRAIN: Batch:300/1076 Loss:1.150 & Accuracy:93.52%
2025 April 17 03:42:38 [INFO]: TRAIN: Batch:400/1076 Loss:0.098 & Accuracy:93.77%
2025 April 17 03:44:07 [INFO]: TRAIN: Batch:500/1076 Loss:0.015 & Accuracy:93.71%
2025 April 17 03:45:35 [INFO]: TRAIN: Batch:600/1076 Loss:0.011 & Accuracy:94.34%
2025 April 17 03:47:04 [INFO]: TRAIN: Batch:700/1076 Loss:0.013 & Accuracy:94.51%
2025 April 17 03:48:33 [INFO]: TRAIN: Batch:800/1076 Loss:0.003 & Accuracy:94.19%
2025 April 17 03:50:01 [INFO]: TRAIN: Batch:900/1076 Loss:0.138 & Accuracy:94.17%
2025 April 17 03:51:30 [INFO]: TRAIN: Batch:1000/1076 Loss:0.236 & Accuracy:94.16%
2025 April 17 03:52:37 [INFO]: Epoch:18 average train Loss:0.139 & Accuracy:94.19%
2025 April 17 03:56:05 [INFO]: Epoch:18 Validation Loss 0.6650 | Accuracy 80.09% | F1 Score 0.7994
2025 April 17 03:56:05 [INFO]: Current learning rate: 1e-05
2025 April 17 03:56:06 [INFO]: Epoch: 19/20
2025 April 17 03:56:08 [INFO]: TRAIN: Batch:0/1076 Loss:0.143 & Accuracy:100.00%
2025 April 17 03:57:37 [INFO]: TRAIN: Batch:100/1076 Loss:0.131 & Accuracy:96.04%
2025 April 17 03:59:05 [INFO]: TRAIN: Batch:200/1076 Loss:0.016 & Accuracy:96.52%
2025 April 17 04:00:34 [INFO]: TRAIN: Batch:300/1076 Loss:0.003 & Accuracy:96.01%
2025 April 17 04:02:03 [INFO]: TRAIN: Batch:400/1076 Loss:0.016 & Accuracy:96.38%
2025 April 17 04:03:31 [INFO]: TRAIN: Batch:500/1076 Loss:0.138 & Accuracy:96.51%
2025 April 17 04:05:00 [INFO]: TRAIN: Batch:600/1076 Loss:0.370 & Accuracy:96.59%
2025 April 17 04:06:29 [INFO]: TRAIN: Batch:700/1076 Loss:0.042 & Accuracy:96.43%
2025 April 17 04:07:57 [INFO]: TRAIN: Batch:800/1076 Loss:0.001 & Accuracy:96.32%
2025 April 17 04:09:26 [INFO]: TRAIN: Batch:900/1076 Loss:0.000 & Accuracy:96.23%
2025 April 17 04:10:55 [INFO]: TRAIN: Batch:1000/1076 Loss:0.000 & Accuracy:95.95%
2025 April 17 04:12:01 [INFO]: Epoch:19 average train Loss:0.106 & Accuracy:95.86%
2025 April 17 04:15:29 [INFO]: Epoch:19 Validation Loss 0.6845 | Accuracy 81.13% | F1 Score 0.8087
2025 April 17 04:15:29 [INFO]: Current learning rate: 1e-05
2025 April 17 04:15:30 [INFO]: Epoch: 20/20
2025 April 17 04:15:32 [INFO]: TRAIN: Batch:0/1076 Loss:0.265 & Accuracy:100.00%
2025 April 17 04:17:01 [INFO]: TRAIN: Batch:100/1076 Loss:0.046 & Accuracy:96.53%
2025 April 17 04:18:30 [INFO]: TRAIN: Batch:200/1076 Loss:0.115 & Accuracy:96.52%
2025 April 17 04:19:59 [INFO]: TRAIN: Batch:300/1076 Loss:0.002 & Accuracy:97.18%
2025 April 17 04:21:27 [INFO]: TRAIN: Batch:400/1076 Loss:0.001 & Accuracy:97.13%
2025 April 17 04:22:56 [INFO]: TRAIN: Batch:500/1076 Loss:0.049 & Accuracy:97.31%
2025 April 17 04:24:24 [INFO]: TRAIN: Batch:600/1076 Loss:0.034 & Accuracy:97.34%
2025 April 17 04:25:53 [INFO]: TRAIN: Batch:700/1076 Loss:0.003 & Accuracy:97.22%
2025 April 17 04:27:21 [INFO]: TRAIN: Batch:800/1076 Loss:0.010 & Accuracy:97.44%
2025 April 17 04:28:50 [INFO]: TRAIN: Batch:900/1076 Loss:0.009 & Accuracy:97.39%
2025 April 17 04:30:18 [INFO]: TRAIN: Batch:1000/1076 Loss:0.575 & Accuracy:97.10%
2025 April 17 04:31:25 [INFO]: Epoch:20 average train Loss:0.087 & Accuracy:96.93%
2025 April 17 04:34:52 [INFO]: Epoch:20 Validation Loss 0.6854 | Accuracy 80.91% | F1 Score 0.8087
2025 April 17 04:34:52 [INFO]: Current learning rate: 1e-05
2025 April 17 04:34:52 [INFO]: Training completed successfully
